{
  "stats": {
    "suites": 1,
    "tests": 1,
    "passes": 0,
    "pending": 0,
    "failures": 1,
    "start": "2021-09-24T16:50:45.328Z",
    "end": "2021-09-24T16:50:53.999Z",
    "duration": 8671,
    "testsRegistered": 1,
    "passPercent": 0,
    "pendingPercent": 0,
    "other": 0,
    "hasOther": false,
    "skipped": 0,
    "hasSkipped": false
  },
  "results": [
    {
      "uuid": "ec4a5b33-3fb3-46ea-a8a5-ef4d6c2f3ab0",
      "title": "",
      "fullFile": "cypress/integration/nextSearch.feature",
      "file": "cypress/integration/nextSearch.feature",
      "beforeHooks": [],
      "afterHooks": [],
      "tests": [],
      "suites": [
        {
          "uuid": "d7e6689c-663f-4603-b938-7f00aec17e1c",
          "title": "Search Feature",
          "fullFile": "",
          "file": "",
          "beforeHooks": [],
          "afterHooks": [],
          "tests": [
            {
              "title": "Verify User should be Successfully Search the product by name.",
              "fullTitle": "Search Feature Verify User should be Successfully Search the product by name.",
              "timedOut": null,
              "duration": 5770,
              "state": "failed",
              "speed": null,
              "pass": false,
              "fail": true,
              "pending": false,
              "context": null,
              "code": "const state = window.testState;\nreturn cy\n  .then(() => state.onStartScenario(scenario, indexedSteps))\n  .then(() =>\n    resolveAndRunBeforeHooks.call(this, scenario.tags, state.feature.name)\n  )\n  .then(() =>\n    indexedSteps.forEach((step) =>\n      stepTest.call(this, state, step, rowData)\n    )\n  )\n  .then(() => state.onFinishScenario(scenario));",
              "err": {
                "message": "AssertionError: Timed out retrying after 4000ms: Expected to find element: `input[name='w']`, but never found it.",
                "estack": "AssertionError: Timed out retrying after 4000ms: Expected to find element: `input[name='w']`, but never found it.\n    at homePage.typeSearchtextField (https://katalon-demo-cura.herokuapp.com/__cypress/tests?p=cypress/integration/nextSearch.feature:149:10)\n    at Context.eval (https://katalon-demo-cura.herokuapp.com/__cypress/tests?p=cypress/integration/nextSearch.feature:54:12)\n    at Context.resolveAndRunStepDefinition (https://katalon-demo-cura.herokuapp.com/__cypress/tests?p=cypress/integration/nextSearch.feature:10604:29)\n    at Context.eval (https://katalon-demo-cura.herokuapp.com/__cypress/tests?p=cypress/integration/nextSearch.feature:9925:35)",
                "diff": null
              },
              "uuid": "ed4d1e83-d0dc-4fbe-9a6d-4a8b75de894b",
              "parentUUID": "d7e6689c-663f-4603-b938-7f00aec17e1c",
              "isHook": false,
              "skipped": false
            }
          ],
          "suites": [],
          "passes": [],
          "failures": [
            "ed4d1e83-d0dc-4fbe-9a6d-4a8b75de894b"
          ],
          "pending": [],
          "skipped": [],
          "duration": 5770,
          "root": false,
          "rootEmpty": false,
          "_timeout": 2000
        }
      ],
      "passes": [],
      "failures": [],
      "pending": [],
      "skipped": [],
      "duration": 0,
      "root": true,
      "rootEmpty": true,
      "_timeout": 2000
    }
  ],
  "meta": {
    "mocha": {
      "version": "7.0.1"
    },
    "mochawesome": {
      "options": {
        "quiet": false,
        "reportFilename": "mochawesome",
        "saveHtml": false,
        "saveJson": true,
        "consoleReporter": "spec",
        "useInlineDiffs": false,
        "code": true
      },
      "version": "6.2.2"
    },
    "marge": {
      "options": {
        "overwrite": false,
        "html": false,
        "json": true
      },
      "version": "5.2.0"
    }
  }
}