{
  "stats": {
    "suites": 1,
    "tests": 1,
    "passes": 0,
    "pending": 0,
    "failures": 1,
    "start": "2021-09-26T16:31:48.591Z",
    "end": "2021-09-26T16:32:02.880Z",
    "duration": 14289,
    "testsRegistered": 1,
    "passPercent": 0,
    "pendingPercent": 0,
    "other": 0,
    "hasOther": false,
    "skipped": 0,
    "hasSkipped": false
  },
  "results": [
    {
      "uuid": "e94c6d02-53f8-473d-a541-4181951d638f",
      "title": "",
      "fullFile": "cypress/integration/nextSearch.feature",
      "file": "cypress/integration/nextSearch.feature",
      "beforeHooks": [],
      "afterHooks": [],
      "tests": [],
      "suites": [
        {
          "uuid": "5ce4da85-796e-4f9b-a7ae-0b81d90d7a14",
          "title": "Search Feature",
          "fullFile": "",
          "file": "",
          "beforeHooks": [],
          "afterHooks": [],
          "tests": [
            {
              "title": "Verify User should be Successfully Search the product by name.",
              "fullTitle": "Search Feature Verify User should be Successfully Search the product by name.",
              "timedOut": null,
              "duration": 7941,
              "state": "failed",
              "speed": null,
              "pass": false,
              "fail": true,
              "pending": false,
              "context": null,
              "code": "const state = window.testState;\nreturn cy\n  .then(() => state.onStartScenario(scenario, indexedSteps))\n  .then(() =>\n    resolveAndRunBeforeHooks.call(this, scenario.tags, state.feature.name)\n  )\n  .then(() =>\n    indexedSteps.forEach((step) =>\n      stepTest.call(this, state, step, rowData)\n    )\n  )\n  .then(() => state.onFinishScenario(scenario));",
              "err": {
                "message": "AssertionError: Timed out retrying after 4000ms: Expected to find element: `input[name='w']`, but never found it.",
                "estack": "AssertionError: Timed out retrying after 4000ms: Expected to find element: `input[name='w']`, but never found it.\n    at homePage.typeSearchtextField (https://katalon-demo-cura.herokuapp.com/__cypress/tests?p=cypress/integration/nextSearch.feature:149:10)\n    at Context.eval (https://katalon-demo-cura.herokuapp.com/__cypress/tests?p=cypress/integration/nextSearch.feature:54:12)\n    at Context.resolveAndRunStepDefinition (https://katalon-demo-cura.herokuapp.com/__cypress/tests?p=cypress/integration/nextSearch.feature:10604:29)\n    at Context.eval (https://katalon-demo-cura.herokuapp.com/__cypress/tests?p=cypress/integration/nextSearch.feature:9925:35)",
                "diff": null
              },
              "uuid": "a11394e6-17e7-4fa9-b8e1-3529e05a4df8",
              "parentUUID": "5ce4da85-796e-4f9b-a7ae-0b81d90d7a14",
              "isHook": false,
              "skipped": false
            }
          ],
          "suites": [],
          "passes": [],
          "failures": [
            "a11394e6-17e7-4fa9-b8e1-3529e05a4df8"
          ],
          "pending": [],
          "skipped": [],
          "duration": 7941,
          "root": false,
          "rootEmpty": false,
          "_timeout": 2000
        }
      ],
      "passes": [],
      "failures": [],
      "pending": [],
      "skipped": [],
      "duration": 0,
      "root": true,
      "rootEmpty": true,
      "_timeout": 2000
    }
  ],
  "meta": {
    "mocha": {
      "version": "7.0.1"
    },
    "mochawesome": {
      "options": {
        "quiet": false,
        "reportFilename": "mochawesome",
        "saveHtml": false,
        "saveJson": true,
        "consoleReporter": "spec",
        "useInlineDiffs": false,
        "code": true
      },
      "version": "6.2.2"
    },
    "marge": {
      "options": {
        "overwrite": false,
        "html": false,
        "json": true
      },
      "version": "5.2.0"
    }
  }
}