{
  "stats": {
    "suites": 1,
    "tests": 1,
    "passes": 0,
    "pending": 0,
    "failures": 1,
    "start": "2021-09-26T16:32:28.335Z",
    "end": "2021-09-26T16:32:47.306Z",
    "duration": 18971,
    "testsRegistered": 1,
    "passPercent": 0,
    "pendingPercent": 0,
    "other": 0,
    "hasOther": false,
    "skipped": 0,
    "hasSkipped": false
  },
  "results": [
    {
      "uuid": "82ab5ac4-90cc-406a-a6bb-f25ba4cafe68",
      "title": "",
      "fullFile": "cypress/integration/nextlogin.feature",
      "file": "cypress/integration/nextlogin.feature",
      "beforeHooks": [],
      "afterHooks": [],
      "tests": [],
      "suites": [
        {
          "uuid": "b159e407-b024-4145-9226-8b7dbe2b125c",
          "title": "Login Feature",
          "fullFile": "",
          "file": "",
          "beforeHooks": [],
          "afterHooks": [],
          "tests": [
            {
              "title": "Verify User login successfull",
              "fullTitle": "Login Feature Verify User login successfull",
              "timedOut": null,
              "duration": 9363,
              "state": "failed",
              "speed": null,
              "pass": false,
              "fail": true,
              "pending": false,
              "context": null,
              "code": "const state = window.testState;\nreturn cy\n  .then(() => state.onStartScenario(scenario, indexedSteps))\n  .then(() =>\n    resolveAndRunBeforeHooks.call(this, scenario.tags, state.feature.name)\n  )\n  .then(() =>\n    indexedSteps.forEach((step) =>\n      stepTest.call(this, state, step, rowData)\n    )\n  )\n  .then(() => state.onFinishScenario(scenario));",
              "err": {
                "message": "AssertionError: Timed out retrying after 4000ms: Expected to find element: `.QuickLinks`, but never found it.",
                "estack": "AssertionError: Timed out retrying after 4000ms: Expected to find element: `.QuickLinks`, but never found it.\n    at loginPage.clickMyAccountLink (https://katalon-demo-cura.herokuapp.com/__cypress/tests?p=cypress/integration/nextlogin.feature:152:10)\n    at Context.eval (https://katalon-demo-cura.herokuapp.com/__cypress/tests?p=cypress/integration/nextlogin.feature:52:10)\n    at Context.resolveAndRunStepDefinition (https://katalon-demo-cura.herokuapp.com/__cypress/tests?p=cypress/integration/nextlogin.feature:10561:29)\n    at Context.eval (https://katalon-demo-cura.herokuapp.com/__cypress/tests?p=cypress/integration/nextlogin.feature:9882:35)",
                "diff": null
              },
              "uuid": "a54ac27b-194f-4fb1-8f73-537e0a871484",
              "parentUUID": "b159e407-b024-4145-9226-8b7dbe2b125c",
              "isHook": false,
              "skipped": false
            }
          ],
          "suites": [],
          "passes": [],
          "failures": [
            "a54ac27b-194f-4fb1-8f73-537e0a871484"
          ],
          "pending": [],
          "skipped": [],
          "duration": 9363,
          "root": false,
          "rootEmpty": false,
          "_timeout": 2000
        }
      ],
      "passes": [],
      "failures": [],
      "pending": [],
      "skipped": [],
      "duration": 0,
      "root": true,
      "rootEmpty": true,
      "_timeout": 2000
    }
  ],
  "meta": {
    "mocha": {
      "version": "7.0.1"
    },
    "mochawesome": {
      "options": {
        "quiet": false,
        "reportFilename": "mochawesome",
        "saveHtml": false,
        "saveJson": true,
        "consoleReporter": "spec",
        "useInlineDiffs": false,
        "code": true
      },
      "version": "6.2.2"
    },
    "marge": {
      "options": {
        "overwrite": false,
        "html": false,
        "json": true
      },
      "version": "5.2.0"
    }
  }
}